kotlin version: 2.1.10
error message: org.jetbrains.kotlin.backend.common.BackendException: Backend Internal error: Exception during IR lowering
File being compiled: C:/Users/kmous/Development/MyProjects/T-e-i-l-s/ui-components/src/main/java/com/mustafin/ui_components/presentation/inputs/CustomTextField.kt
The root cause java.lang.RuntimeException was thrown at: org.jetbrains.kotlin.backend.jvm.codegen.FunctionCodegen.generate(FunctionCodegen.kt:48)
	at org.jetbrains.kotlin.backend.common.CodegenUtil.reportBackendException(CodegenUtil.kt:253)
	at org.jetbrains.kotlin.backend.common.CodegenUtil.reportBackendException$default(CodegenUtil.kt:236)
	at org.jetbrains.kotlin.backend.common.phaser.PerformByIrFilePhase.invokeSequential(performByIrFile.kt:55)
	at org.jetbrains.kotlin.backend.common.phaser.PerformByIrFilePhase.invoke(performByIrFile.kt:42)
	at org.jetbrains.kotlin.backend.common.phaser.PerformByIrFilePhase.invoke(performByIrFile.kt:28)
	at org.jetbrains.kotlin.backend.common.phaser.NamedCompilerPhase.phaseBody(CompilerPhase.kt:166)
	at org.jetbrains.kotlin.backend.common.phaser.AbstractNamedCompilerPhase.invoke(CompilerPhase.kt:113)
	at org.jetbrains.kotlin.backend.common.phaser.CompositePhase.invoke(PhaseBuilders.kt:27)
	at org.jetbrains.kotlin.backend.common.phaser.CompositePhase.invoke(PhaseBuilders.kt:14)
	at org.jetbrains.kotlin.backend.common.phaser.NamedCompilerPhase.phaseBody(CompilerPhase.kt:166)
	at org.jetbrains.kotlin.backend.common.phaser.AbstractNamedCompilerPhase.invoke(CompilerPhase.kt:113)
	at org.jetbrains.kotlin.backend.common.phaser.CompilerPhaseKt.invokeToplevel(CompilerPhase.kt:62)
	at org.jetbrains.kotlin.backend.jvm.JvmIrCodegenFactory.invokeCodegen(JvmIrCodegenFactory.kt:371)
	at org.jetbrains.kotlin.codegen.CodegenFactory.generateModule(CodegenFactory.kt:47)
	at org.jetbrains.kotlin.backend.jvm.JvmIrCodegenFactory.generateModuleInFrontendIRMode(JvmIrCodegenFactory.kt:433)
	at org.jetbrains.kotlin.cli.jvm.compiler.pipeline.JvmCompilerPipelineKt.generateCodeFromIr(jvmCompilerPipeline.kt:192)
	at org.jetbrains.kotlin.cli.jvm.compiler.pipeline.JvmCompilerPipelineKt.runBackend(jvmCompilerPipeline.kt:80)
	at org.jetbrains.kotlin.cli.jvm.compiler.pipeline.JvmCompilerPipelineLightTreeKt.compileModule(jvmCompilerPipelineLightTree.kt:264)
	at org.jetbrains.kotlin.cli.jvm.compiler.pipeline.JvmCompilerPipelineLightTreeKt.compileSingleModuleUsingFrontendIrAndLightTree(jvmCompilerPipelineLightTree.kt:231)
	at org.jetbrains.kotlin.cli.jvm.compiler.pipeline.JvmCompilerPipelineLightTreeKt.compileModulesUsingFrontendIrAndLightTree(jvmCompilerPipelineLightTree.kt:86)
	at org.jetbrains.kotlin.cli.jvm.K2JVMCompiler.doExecute(K2JVMCompiler.kt:146)
	at org.jetbrains.kotlin.cli.jvm.K2JVMCompiler.doExecute(K2JVMCompiler.kt:43)
	at org.jetbrains.kotlin.cli.common.CLICompiler.execImpl(CLICompiler.kt:102)
	at org.jetbrains.kotlin.cli.common.CLICompiler.exec(CLICompiler.kt:316)
	at org.jetbrains.kotlin.incremental.IncrementalJvmCompilerRunner.runCompiler(IncrementalJvmCompilerRunner.kt:464)
	at org.jetbrains.kotlin.incremental.IncrementalJvmCompilerRunner.runCompiler(IncrementalJvmCompilerRunner.kt:73)
	at org.jetbrains.kotlin.incremental.IncrementalCompilerRunner.doCompile(IncrementalCompilerRunner.kt:506)
	at org.jetbrains.kotlin.incremental.IncrementalCompilerRunner.compileImpl(IncrementalCompilerRunner.kt:423)
	at org.jetbrains.kotlin.incremental.IncrementalCompilerRunner.compileNonIncrementally(IncrementalCompilerRunner.kt:301)
	at org.jetbrains.kotlin.incremental.IncrementalCompilerRunner.compile(IncrementalCompilerRunner.kt:129)
	at org.jetbrains.kotlin.daemon.CompileServiceImplBase.execIncrementalCompiler(CompileServiceImpl.kt:683)
	at org.jetbrains.kotlin.daemon.CompileServiceImplBase.access$execIncrementalCompiler(CompileServiceImpl.kt:91)
	at org.jetbrains.kotlin.daemon.CompileServiceImpl.compile(CompileServiceImpl.kt:1811)
	at jdk.internal.reflect.GeneratedMethodAccessor97.invoke(Unknown Source)
	at java.base/jdk.internal.reflect.DelegatingMethodAccessorImpl.invoke(DelegatingMethodAccessorImpl.java:43)
	at java.base/java.lang.reflect.Method.invoke(Method.java:568)
	at java.rmi/sun.rmi.server.UnicastServerRef.dispatch(UnicastServerRef.java:360)
	at java.rmi/sun.rmi.transport.Transport$1.run(Transport.java:200)
	at java.rmi/sun.rmi.transport.Transport$1.run(Transport.java:197)
	at java.base/java.security.AccessController.doPrivileged(AccessController.java:712)
	at java.rmi/sun.rmi.transport.Transport.serviceCall(Transport.java:196)
	at java.rmi/sun.rmi.transport.tcp.TCPTransport.handleMessages(TCPTransport.java:587)
	at java.rmi/sun.rmi.transport.tcp.TCPTransport$ConnectionHandler.run0(TCPTransport.java:828)
	at java.rmi/sun.rmi.transport.tcp.TCPTransport$ConnectionHandler.lambda$run$0(TCPTransport.java:705)
	at java.base/java.security.AccessController.doPrivileged(AccessController.java:399)
	at java.rmi/sun.rmi.transport.tcp.TCPTransport$ConnectionHandler.run(TCPTransport.java:704)
	at java.base/java.util.concurrent.ThreadPoolExecutor.runWorker(ThreadPoolExecutor.java:1136)
	at java.base/java.util.concurrent.ThreadPoolExecutor$Worker.run(ThreadPoolExecutor.java:635)
	at java.base/java.lang.Thread.run(Thread.java:840)
Caused by: java.lang.RuntimeException: Exception while generating code for:
FUN name:CustomTextField-bmlC4ec visibility:public modality:FINAL <> (value:kotlin.String, onValueChange:kotlin.Function1<kotlin.String, kotlin.Unit>, modifier:androidx.compose.ui.Modifier, placeholder:kotlin.String, shape:androidx.compose.ui.graphics.Shape, maxLines:kotlin.Int, isError:kotlin.Boolean, readOnly:kotlin.Boolean, keyboardType:androidx.compose.ui.text.input.KeyboardType) returnType:kotlin.Unit
  annotations:
    Composable
  VALUE_PARAMETER name:value index:0 type:kotlin.String
  VALUE_PARAMETER name:onValueChange index:1 type:kotlin.Function1<kotlin.String, kotlin.Unit>
  VALUE_PARAMETER name:modifier index:2 type:androidx.compose.ui.Modifier
    EXPRESSION_BODY
      ERROR_EXPR 'Default Stub' type=androidx.compose.ui.Modifier
  VALUE_PARAMETER name:placeholder index:3 type:kotlin.String
    EXPRESSION_BODY
      ERROR_EXPR 'Default Stub' type=kotlin.String
  VALUE_PARAMETER name:shape index:4 type:androidx.compose.ui.graphics.Shape
    EXPRESSION_BODY
      ERROR_EXPR 'Default Stub' type=androidx.compose.ui.graphics.Shape
  VALUE_PARAMETER name:maxLines index:5 type:kotlin.Int
    EXPRESSION_BODY
      ERROR_EXPR 'Default Stub' type=kotlin.Int
  VALUE_PARAMETER name:isError index:6 type:kotlin.Boolean
    EXPRESSION_BODY
      ERROR_EXPR 'Default Stub' type=kotlin.Boolean
  VALUE_PARAMETER name:readOnly index:7 type:kotlin.Boolean
    EXPRESSION_BODY
      ERROR_EXPR 'Default Stub' type=kotlin.Boolean
  VALUE_PARAMETER name:keyboardType index:8 type:androidx.compose.ui.text.input.KeyboardType
    EXPRESSION_BODY
      ERROR_EXPR 'Default Stub' type=androidx.compose.ui.text.input.KeyboardType
  BLOCK_BODY
    VAR PROPERTY_DELEGATE name:isFocused$delegate type:androidx.compose.runtime.MutableState<kotlin.Boolean> [val]
      CALL 'public final fun remember <T> (calculation: @[DisallowComposableCalls] kotlin.Function0<T of androidx.compose.runtime.ComposablesKt.remember>): T of androidx.compose.runtime.ComposablesKt.remember [inline] declared in androidx.compose.runtime.ComposablesKt' type=androidx.compose.runtime.MutableState<kotlin.Boolean> origin=null
        <T>: androidx.compose.runtime.MutableState<kotlin.Boolean>
        calculation: BLOCK type=kotlin.Function0<androidx.compose.runtime.MutableState<kotlin.Boolean>> origin=LAMBDA
          COMPOSITE type=kotlin.Unit origin=null
          FUNCTION_REFERENCE 'private final fun CustomTextField_bmlC4ec$lambda$0 (): androidx.compose.runtime.MutableState<kotlin.Boolean> declared in com.mustafin.ui_components.presentation.inputs.CustomTextFieldKt' type=kotlin.Function0<androidx.compose.runtime.MutableState<kotlin.Boolean>> origin=INLINE_LAMBDA reflectionTarget=null
    BLOCK type=kotlin.Unit origin=ARGUMENTS_REORDERING_FOR_CALL
      VAR IR_TEMPORARY_VARIABLE name:tmp16_colors type:androidx.compose.material3.TextFieldColors [val]
        BLOCK type=androidx.compose.material3.TextFieldColors origin=ARGUMENTS_REORDERING_FOR_CALL
          VAR IR_TEMPORARY_VARIABLE name:tmp0_$this type:androidx.compose.material3.TextFieldDefaults [val]
            GET_FIELD 'FIELD FIELD_FOR_OBJECT_INSTANCE name:INSTANCE type:androidx.compose.material3.TextFieldDefaults visibility:public [final,static] declared in androidx.compose.material3.TextFieldDefaults' type=androidx.compose.material3.TextFieldDefaults origin=null
          VAR IR_TEMPORARY_VARIABLE name:tmp1_unfocusedTextColor type:androidx.compose.ui.graphics.Color [val]
            CALL 'public final fun colorResource (id: kotlin.Int): androidx.compose.ui.graphics.Color declared in androidx.compose.ui.res.ColorResources_androidKt' type=androidx.compose.ui.graphics.Color origin=null
              id: GET_FIELD 'FIELD IR_EXTERNAL_JAVA_DECLARATION_STUB name:content type:kotlin.Int visibility:public [static] declared in com.mustafin.ui_components.R.color' type=kotlin.Int superQualifierSymbol=com.mustafin.ui_components.R.color origin=null
          VAR IR_TEMPORARY_VARIABLE name:tmp2_focusedTextColor type:androidx.compose.ui.graphics.Color [val]
            CALL 'public final fun colorResource (id: kotlin.Int): androidx.compose.ui.graphics.Color declared in androidx.compose.ui.res.ColorResources_androidKt' type=androidx.compose.ui.graphics.Color origin=null
              id: GET_FIELD 'FIELD IR_EXTERNAL_JAVA_DECLARATION_STUB name:content type:kotlin.Int visibility:public [static] declared in com.mustafin.ui_components.R.color' type=kotlin.Int superQualifierSymbol=com.mustafin.ui_components.R.color origin=null
          VAR IR_TEMPORARY_VARIABLE name:tmp3_errorTextColor type:androidx.compose.ui.graphics.Color [val]
            CALL 'public final fun colorResource (id: kotlin.Int): androidx.compose.ui.graphics.Color declared in androidx.compose.ui.res.ColorResources_androidKt' type=androidx.compose.ui.graphics.Color origin=null
              id: GET_FIELD 'FIELD IR_EXTERNAL_JAVA_DECLARATION_STUB name:content type:kotlin.Int visibility:public [static] declared in com.mustafin.ui_components.R.color' type=kotlin.Int superQualifierSymbol=com.mustafin.ui_components.R.color origin=null
          VAR IR_TEMPORARY_VARIABLE name:tmp4_cursorColor type:androidx.compose.ui.graphics.Color [val]
            CALL 'public final fun colorResource (id: kotlin.Int): androidx.compose.ui.graphics.Color declared in androidx.compose.ui.res.ColorResources_androidKt' type=androidx.compose.ui.graphics.Color origin=null
              id: GET_FIELD 'FIELD IR_EXTERNAL_JAVA_DECLARATION_STUB name:content type:kotlin.Int visibility:public [static] declared in com.mustafin.ui_components.R.color' type=kotlin.Int superQualifierSymbol=com.mustafin.ui_components.R.color origin=null
          VAR IR_TEMPORARY_VARIABLE name:tmp5_focusedContainerColor type:androidx.compose.ui.graphics.Color [val]
            CALL 'public final fun colorResource (id: kotlin.Int): androidx.compose.ui.graphics.Color declared in androidx.compose.ui.res.ColorResources_androidKt' type=androidx.compose.ui.graphics.Color origin=null
              id: GET_FIELD 'FIELD IR_EXTERNAL_JAVA_DECLARATION_STUB name:secondary_background type:kotlin.Int visibility:public [static] declared in com.mustafin.ui_components.R.color' type=kotlin.Int superQualifierSymbol=com.mustafin.ui_components.R.color origin=null
          VAR IR_TEMPORARY_VARIABLE name:tmp6_unfocusedContainerColor type:androidx.compose.ui.graphics.Color [val]
            CALL 'public final fun colorResource (id: kotlin.Int): androidx.compose.ui.graphics.Color declared in androidx.compose.ui.res.ColorResources_androidKt' type=androidx.compose.ui.graphics.Color origin=null
              id: GET_FIELD 'FIELD IR_EXTERNAL_JAVA_DECLARATION_STUB name:secondary_background type:kotlin.Int visibility:public [static] declared in com.mustafin.ui_components.R.color' type=kotlin.Int superQualifierSymbol=com.mustafin.ui_components.R.color origin=null
          VAR IR_TEMPORARY_VARIABLE name:tmp7_errorContainerColor type:androidx.compose.ui.graphics.Color [val]
            CALL 'public final fun colorResource (id: kotlin.Int): androidx.compose.ui.graphics.Color declared in androidx.compose.ui.res.ColorResources_androidKt' type=androidx.compose.ui.graphics.Color origin=null
              id: GET_FIELD 'FIELD IR_EXTERNAL_JAVA_DECLARATION_STUB name:secondary_background type:kotlin.Int visibility:public [static] declared in com.mustafin.ui_components.R.color' type=kotlin.Int superQualifierSymbol=com.mustafin.ui_components.R.color origin=null
          VAR IR_TEMPORARY_VARIABLE name:tmp8_focusedIndicatorColor type:androidx.compose.ui.graphics.Color [val]
            CALL 'public final fun getTransparent-0d7_KjU (): androidx.compose.ui.graphics.Color declared in androidx.compose.ui.graphics.Color.Companion' type=androidx.compose.ui.graphics.Color origin=GET_PROPERTY
              $this: GET_FIELD 'FIELD FIELD_FOR_OBJECT_INSTANCE name:Companion type:androidx.compose.ui.graphics.Color.Companion visibility:public [final,static] declared in androidx.compose.ui.graphics.Color' type=androidx.compose.ui.graphics.Color.Companion origin=null
          VAR IR_TEMPORARY_VARIABLE name:tmp9_unfocusedIndicatorColor type:androidx.compose.ui.graphics.Color [val]
            CALL 'public final fun getTransparent-0d7_KjU (): androidx.compose.ui.graphics.Color declared in androidx.compose.ui.graphics.Color.Companion' type=androidx.compose.ui.graphics.Color origin=GET_PROPERTY
              $this: GET_FIELD 'FIELD FIELD_FOR_OBJECT_INSTANCE name:Companion type:androidx.compose.ui.graphics.Color.Companion visibility:public [final,static] declared in androidx.compose.ui.graphics.Color' type=androidx.compose.ui.graphics.Color.Companion origin=null
          VAR IR_TEMPORARY_VARIABLE name:tmp10_errorIndicatorColor type:androidx.compose.ui.graphics.Color [val]
            CALL 'public final fun getTransparent-0d7_KjU (): androidx.compose.ui.graphics.Color declared in androidx.compose.ui.graphics.Color.Companion' type=androidx.compose.ui.graphics.Color origin=GET_PROPERTY
              $this: GET_FIELD 'FIELD FIELD_FOR_OBJECT_INSTANCE name:Companion type:androidx.compose.ui.graphics.Color.Companion visibility:public [final,static] declared in androidx.compose.ui.graphics.Color' type=androidx.compose.ui.graphics.Color.Companion origin=null
          VAR IR_TEMPORARY_VARIABLE name:tmp11_unfocusedPlaceholderColor type:androidx.compose.ui.graphics.Color [val]
            CALL 'public final fun colorResource (id: kotlin.Int): androidx.compose.ui.graphics.Color declared in androidx.compose.ui.res.ColorResources_androidKt' type=androidx.compose.ui.graphics.Color origin=null
              id: GET_FIELD 'FIELD IR_EXTERNAL_JAVA_DECLARATION_STUB name:gray type:kotlin.Int visibility:public [static] declared in com.mustafin.ui_components.R.color' type=kotlin.Int superQualifierSymbol=com.mustafin.ui_components.R.color origin=null
          VAR IR_TEMPORARY_VARIABLE name:tmp12_focusedPlaceholderColor type:androidx.compose.ui.graphics.Color [val]
            CALL 'public final fun colorResource (id: kotlin.Int): androidx.compose.ui.graphics.Color declared in androidx.compose.ui.res.ColorResources_androidKt' type=androidx.compose.ui.graphics.Color origin=null
              id: GET_FIELD 'FIELD IR_EXTERNAL_JAVA_DECLARATION_STUB name:gray type:kotlin.Int visibility:public [static] declared in com.mustafin.ui_components.R.color' type=kotlin.Int superQualifierSymbol=com.mustafin.ui_components.R.color origin=null
          VAR IR_TEMPORARY_VARIABLE name:tmp13_errorPlaceholderColor type:androidx.compose.ui.graphics.Color [val]
            CALL 'public final fun colorResource (id: kotlin.Int): androidx.compose.ui.graphics.Color declared in androidx.compose.ui.res.ColorResources_androidKt' type=androidx.compose.ui.graphics.Color origin=null
              id: GET_FIELD 'FIELD IR_EXTERNAL_JAVA_DECLARATION_STUB name:gray type:kotlin.Int visibility:public [static] declared in com.mustafin.ui_components.R.color' type=kotlin.Int superQualifierSymbol=com.mustafin.ui_components.R.color origin=null
          CALL 'public final fun colors-pZyANzw$default ($this: androidx.compose.material3.TextFieldDefaults, focusedTextColor: androidx.compose.ui.graphics.Color, unfocusedTextColor: androidx.compose.ui.graphics.Color, disabledTextColor: androidx.compose.ui.graphics.Color, errorTextColor: androidx.compose.ui.graphics.Color, focusedContainerColor: androidx.compose.ui.graphics.Color, unfocusedContainerColor: androidx.compose.ui.graphics.Color, disabledContainerColor: androidx.compose.ui.graphics.Color, errorContainerColor: androidx.compose.ui.graphics.Color, cursorColor: androidx.compose.ui.graphics.Color, errorCursorColor: androidx.compose.ui.graphics.Color, selectionColors: androidx.compose.foundation.text.selection.TextSelectionColors?, focusedIndicatorColor: androidx.compose.ui.graphics.Color, unfocusedIndicatorColor: androidx.compose.ui.graphics.Color, disabledIndicatorColor: androidx.compose.ui.graphics.Color, errorIndicatorColor: androidx.compose.ui.graphics.Color, focusedLeadingIconColor: androidx.compose.ui.graphics.Color, unfocusedLeadingIconColor: androidx.compose.ui.graphics.Color, disabledLeadingIconColor: androidx.compose.ui.graphics.Color, errorLeadingIconColor: androidx.compose.ui.graphics.Color, focusedTrailingIconColor: androidx.compose.ui.graphics.Color, unfocusedTrailingIconColor: androidx.compose.ui.graphics.Color, disabledTrailingIconColor: androidx.compose.ui.graphics.Color, errorTrailingIconColor: androidx.compose.ui.graphics.Color, focusedLabelColor: androidx.compose.ui.graphics.Color, unfocusedLabelColor: androidx.compose.ui.graphics.Color, disabledLabelColor: androidx.compose.ui.graphics.Color, errorLabelColor: androidx.compose.ui.graphics.Color, focusedPlaceholderColor: androidx.compose.ui.graphics.Color, unfocusedPlaceholderColor: androidx.compose.ui.graphics.Color, disabledPlaceholderColor: androidx.compose.ui.graphics.Color, errorPlaceholderColor: androidx.compose.ui.graphics.Color, focusedSupportingTextColor: androidx.compose.ui.graphics.Color, unfocusedSupportingTextColor: androidx.compose.ui.graphics.Color, disabledSupportingTextColor: androidx.compose.ui.graphics.Color, errorSupportingTextColor: androidx.compose.ui.graphics.Color, focusedPrefixColor: androidx.compose.ui.graphics.Color, unfocusedPrefixColor: androidx.compose.ui.graphics.Color, disabledPrefixColor: androidx.compose.ui.graphics.Color, errorPrefixColor: androidx.compose.ui.graphics.Color, focusedSuffixColor: androidx.compose.ui.graphics.Color, unfocusedSuffixColor: androidx.compose.ui.graphics.Color, disabledSuffixColor: androidx.compose.ui.graphics.Color, errorSuffixColor: androidx.compose.ui.graphics.Color, $mask0: kotlin.Int, $mask1: kotlin.Int, $handler: kotlin.Any?): androidx.compose.material3.TextFieldColors declared in androidx.compose.material3.TextFieldDefaults' type=androidx.compose.material3.TextFieldColors origin=DEFAULT_DISPATCH_CALL
            $this: GET_VAR 'val tmp0_$this: androidx.compose.material3.TextFieldDefaults [val] declared in com.mustafin.ui_components.presentation.inputs.CustomTextFieldKt.CustomTextField-bmlC4ec' type=androidx.compose.material3.TextFieldDefaults origin=null
            focusedTextColor: GET_VAR 'val tmp2_focusedTextColor: androidx.compose.ui.graphics.Color [val] declared in com.mustafin.ui_components.presentation.inputs.CustomTextFieldKt.CustomTextField-bmlC4ec' type=androidx.compose.ui.graphics.Color origin=null
            unfocusedTextColor: GET_VAR 'val tmp1_unfocusedTextColor: androidx.compose.ui.graphics.Color [val] declared in com.mustafin.ui_components.presentation.inputs.CustomTextFieldKt.CustomTextField-bmlC4ec' type=androidx.compose.ui.graphics.Color origin=null
            disabledTextColor: COMPOSITE type=androidx.compose.ui.graphics.Color origin=DEFAULT_VALUE
              CALL 'public final fun <unsafe-coerce> <T, R> (v: T of kotlin.jvm.internal.<unsafe-coerce>): R of kotlin.jvm.internal.<unsafe-coerce> declared in kotlin.jvm.internal' type=androidx.compose.ui.graphics.Color origin=null
                <T>: kotlin.Long
                <R>: androidx.compose.ui.graphics.Color
                v: CONST Long type=kotlin.Long value=0
            errorTextColor: GET_VAR 'val tmp3_errorTextColor: androidx.compose.ui.graphics.Color [val] declared in com.mustafin.ui_components.presentation.inputs.CustomTextFieldKt.CustomTextField-bmlC4ec' type=androidx.compose.ui.graphics.Color origin=null
            focusedContainerColor: GET_VAR 'val tmp5_focusedContainerColor: androidx.compose.ui.graphics.Color [val] declared in com.mustafin.ui_components.presentation.inputs.CustomTextFieldKt.CustomTextField-bmlC4ec' type=androidx.compose.ui.graphics.Color origin=null
            unfocusedContainerColor: GET_VAR 'val tmp6_unfocusedContainerColor: androidx.compose.ui.graphics.Color [val] declared in com.mustafin.ui_components.presentation.inputs.CustomTextFieldKt.CustomTextField-bmlC4ec' type=androidx.compose.ui.graphics.Color origin=null
            disabledContainerColor: COMPOSITE type=androidx.compose.ui.graphics.Color origin=DEFAULT_VALUE
              CALL 'public final fun <unsafe-coerce> <T, R> (v: T of kotlin.jvm.internal.<unsafe-coerce>): R of kotlin.jvm.internal.<unsafe-coerce> declared in kotlin.jvm.internal' type=androidx.compose.ui.graphics.Color origin=null
                <T>: kotlin.Long
                <R>: androidx.compose.ui.graphics.Color
                v: CONST Long type=kotlin.Long value=0
            errorContainerColor: GET_VAR 'val tmp7_errorContainerColor: androidx.compose.ui.graphics.Color [val] declared in com.mustafin.ui_components.presentation.inputs.CustomTextFieldKt.CustomTextField-bmlC4ec' type=androidx.compose.ui.graphics.Color origin=null
            cursorColor: GET_VAR 'val tmp4_cursorColor: androidx.compose.ui.graphics.Color [val] declared in com.mustafin.ui_components.presentation.inputs.CustomTextFieldKt.CustomTextField-bmlC4ec' type=androidx.compose.ui.graphics.Color origin=null
            errorCursorColor: COMPOSITE type=androidx.compose.ui.graphics.Color origin=DEFAULT_VALUE
              CALL 'public final fun <unsafe-coerce> <T, R> (v: T of kotlin.jvm.internal.<unsafe-coerce>): R of kotlin.jvm.internal.<unsafe-coerce> declared in kotlin.jvm.internal' type=androidx.compose.ui.graphics.Color origin=null
                <T>: kotlin.Long
                <R>: androidx.compose.ui.graphics.Color
                v: CONST Long type=kotlin.Long value=0
            selectionColors: COMPOSITE type=androidx.compose.foundation.text.selection.TextSelectionColors? origin=DEFAULT_VALUE
              CONST Null type=androidx.compose.foundation.text.selection.TextSelectionColors? value=null
            focusedIndicatorColor: GET_VAR 'val tmp8_focusedIndicatorColor: androidx.compose.ui.graphics.Color [val] declared in com.mustafin.ui_components.presentation.inputs.CustomTextFieldKt.CustomTextField-bmlC4ec' type=androidx.compose.ui.graphics.Color origin=null
            unfocusedIndicatorColor: GET_VAR 'val tmp9_unfocusedIndicatorColor: androidx.compose.ui.graphics.Color [val] declared in com.mustafin.ui_components.presentation.inputs.CustomTextFieldKt.CustomTextField-bmlC4ec' type=androidx.compose.ui.graphics.Color origin=null
            disabledIndicatorColor: COMPOSITE type=androidx.compose.ui.graphics.Color origin=DEFAULT_VALUE
              CALL 'public final fun <unsafe-coerce> <T, R> (v: T of kotlin.jvm.internal.<unsafe-coerce>): R of kotlin.jvm.internal.<unsafe-coerce> declared in kotlin.jvm.internal' type=androidx.compose.ui.graphics.Color origin=null
                <T>: kotlin.Long
                <R>: androidx.compose.ui.graphics.Color
                v: CONST Long type=kotlin.Long value=0
            errorIndicatorColor: GET_VAR 'val tmp10_errorIndicatorColor: androidx.compose.ui.graphics.Color [val] declared in com.mustafin.ui_components.presentation.inputs.CustomTextFieldKt.CustomTextField-bmlC4ec' type=androidx.compose.ui.graphics.Color origin=null
            focusedLeadingIconColor: COMPOSITE type=androidx.compose.ui.graphics.Color origin=DEFAULT_VALUE
              CALL 'public final fun <unsafe-coerce> <T, R> (v: T of kotlin.jvm.internal.<unsafe-coerce>): R of kotlin.jvm.internal.<unsafe-coerce> declared in kotlin.jvm.internal' type=androidx.compose.ui.graphics.Color origin=null
                <T>: kotlin.Long
                <R>: androidx.compose.ui.graphics.Color
                v: CONST Long type=kotlin.Long value=0
            unfocusedLeadingIconColor: COMPOSITE type=androidx.compose.ui.graphics.Color origin=DEFAULT_VALUE
              CALL 'public final fun <unsafe-coerce> <T, R> (v: T of kotlin.jvm.internal.<unsafe-coerce>): R of kotlin.jvm.internal.<unsafe-coerce> declared in kotlin.jvm.internal' type=androidx.compose.ui.graphics.Color origin=null
                <T>: kotlin.Long
                <R>: androidx.compose.ui.graphics.Color
                v: CONST Long type=kotlin.Long value=0
            disabledLeadingIconColor: COMPOSITE type=androidx.compose.ui.graphics.Color origin=DEFAULT_VALUE
              CALL 'public final fun <unsafe-coerce> <T, R> (v: T of kotlin.jvm.internal.<unsafe-coerce>): R of kotlin.jvm.internal.<unsafe-coerce> declared in kotlin.jvm.internal' type=androidx.compose.ui.graphics.Color origin=null
                <T>: kotlin.Long
                <R>: androidx.compose.ui.graphics.Color
                v: CONST Long type=kotlin.Long value=0
            errorLeadingIconColor: COMPOSITE type=androidx.compose.ui.graphics.Color origin=DEFAULT_VALUE
              CALL 'public final fun <unsafe-coerce> <T, R> (v: T of kotlin.jvm.internal.<unsafe-coerce>): R of kotlin.jvm.internal.<unsafe-coerce> declared in kotlin.jvm.internal' type=androidx.compose.ui.graphics.Color origin=null
                <T>: kotlin.Long
                <R>: androidx.compose.ui.graphics.Color
                v: CONST Long type=kotlin.Long value=0
            focusedTrailingIconColor: COMPOSITE type=androidx.compose.ui.graphics.Color origin=DEFAULT_VALUE
              CALL 'public final fun <unsafe-coerce> <T, R> (v: T of kotlin.jvm.internal.<unsafe-coerce>): R of kotlin.jvm.internal.<unsafe-coerce> declared in kotlin.jvm.internal' type=androidx.compose.ui.graphics.Color origin=null
                <T>: kotlin.Long
                <R>: androidx.compose.ui.graphics.Color
                v: CONST Long type=kotlin.Long value=0
            unfocusedTrailingIconColor: COMPOSITE type=androidx.compose.ui.graphics.Color origin=DEFAULT_VALUE
              CALL 'public final fun <unsafe-coerce> <T, R> (v: T of kotlin.jvm.internal.<unsafe-coerce>): R of kotlin.jvm.internal.<unsafe-coerce> declared in kotlin.jvm.internal' type=androidx.compose.ui.graphics.Color origin=null
                <T>: kotlin.Long
                <R>: androidx.compose.ui.graphics.Color
                v: CONST Long type=kotlin.Long value=0
            disabledTrailingIconColor: COMPOSITE type=androidx.compose.ui.graphics.Color origin=DEFAULT_VALUE
              CALL 'public final fun <unsafe-coerce> <T, R> (v: T of kotlin.jvm.internal.<unsafe-coerce>): R of kotlin.jvm.internal.<unsafe-coerce> declared in kotlin.jvm.internal' type=androidx.compose.ui.graphics.Color origin=null
                <T>: kotlin.Long
                <R>: androidx.compose.ui.graphics.Color
                v: CONST Long type=kotlin.Long value=0
            errorTrailingIconColor: COMPOSITE type=androidx.compose.ui.graphics.Color origin=DEFAULT_VALUE
              CALL 'public final fun <unsafe-coerce> <T, R> (v: T of kotlin.jvm.internal.<unsafe-coerce>): R of kotlin.jvm.internal.<unsafe-coerce> declared in kotlin.jvm.internal' type=androidx.compose.ui.graphics.Color origin=null
                <T>: kotlin.Long
                <R>: androidx.compose.ui.graphics.Color
                v: CONST Long type=kotlin.Long value=0
            focusedLabelColor: COMPOSITE type=androidx.compose.ui.graphics.Color origin=DEFAULT_VALUE
              CALL 'public final fun <unsafe-coerce> <T, R> (v: T of kotlin.jvm.internal.<unsafe-coerce>): R of kotlin.jvm.internal.<unsafe-coerce> declared in kotlin.jvm.internal' type=androidx.compose.ui.graphics.Color origin=null
                <T>: kotlin.Long
                <R>: androidx.compose.ui.graphics.Color
                v: CONST Long type=kotlin.Long value=0
            unfocusedLabelColor: COMPOSITE type=androidx.compose.ui.graphics.Color origin=DEFAULT_VALUE
              CALL 'public final fun <unsafe-coerce> <T, R> (v: T of kotlin.jvm.internal.<unsafe-coerce>): R of kotlin.jvm.internal.<unsafe-coerce> declared in kotlin.jvm.internal' type=androidx.compose.ui.graphics.Color origin=null
                <T>: kotlin.Long
                <R>: androidx.compose.ui.graphics.Color
                v: CONST Long type=kotlin.Long value=0
            disabledLabelColor: COMPOSITE type=androidx.compose.ui.graphics.Color origin=DEFAULT_VALUE
              CALL 'public final fun <unsafe-coerce> <T, R> (v: T of kotlin.jvm.internal.<unsafe-coerce>): R of kotlin.jvm.internal.<unsafe-coerce> declared in kotlin.jvm.internal' type=androidx.compose.ui.graphics.Color origin=null
                <T>: kotlin.Long
                <R>: androidx.compose.ui.graphics.Color
                v: CONST Long type=kotlin.Long value=0
            errorLabelColor: COMPOSITE type=androidx.compose.ui.graphics.Color origin=DEFAULT_VALUE
              CALL 'public final fun <unsafe-coerce> <T, R> (v: T of kotlin.jvm.internal.<unsafe-coerce>): R of kotlin.jvm.internal.<unsafe-coerce> declared in kotlin.jvm.internal' type=androidx.compose.ui.graphics.Color origin=null
                <T>: kotlin.Long
                <R>: androidx.compose.ui.graphics.Color
                v: CONST Long type=kotlin.Long value=0
            focusedPlaceholderColor: GET_VAR 'val tmp12_focusedPlaceholderColor: androidx.compose.ui.graphics.Color [val] declared in com.mustafin.ui_components.presentation.inputs.CustomTextFieldKt.CustomTextField-bmlC4ec' type=androidx.compose.ui.graphics.Color origin=null
            unfocusedPlaceholderColor: GET_VAR 'val tmp11_unfocusedPlaceholderColor: androidx.compose.ui.graphics.Color [val] declared in com.mustafin.ui_components.presentation.inputs.CustomTextFieldKt.CustomTextField-bmlC4ec' type=androidx.compose.ui.graphics.Color origin=null
            disabledPlaceholderColor: COMPOSITE type=androidx.compose.ui.graphics.Color origin=DEFAULT_VALUE
              CALL 'public final fun <unsafe-coerce> <T, R> (v: T of kotlin.jvm.internal.<unsafe-coerce>): R of kotlin.jvm.internal.<unsafe-coerce> declared in kotlin.jvm.internal' type=androidx.compose.ui.graphics.Color origin=null
                <T>: kotlin.Long
                <R>: androidx.compose.ui.graphics.Color
                v: CONST Long type=kotlin.Long value=0
            errorPlaceholderColor: GET_VAR 'val tmp13_errorPlaceholderColor: androidx.compose.ui.graphics.Color [val] declared in com.mustafin.ui_components.presentation.inputs.CustomTextFieldKt.CustomTextField-bmlC4ec' type=androidx.compose.ui.graphics.Color origin=null
            focusedSupportingTextColor: COMPOSITE type=androidx.compose.ui.graphics.Color origin=DEFAULT_VALUE
              CALL 'public final fun <unsafe-coerce> <T, R> (v: T of kotlin.jvm.internal.<unsafe-coerce>): R of kotlin.jvm.internal.<unsafe-coerce> declared in kotlin.jvm.internal' type=androidx.compose.ui.graphics.Color origin=null
                <T>: kotlin.Long
                <R>: androidx.compose.ui.graphics.Color
                v: CONST Long type=kotlin.Long value=0
            unfocusedSupportingTextColor: COMPOSITE type=androidx.compose.ui.graphics.Color origin=DEFAULT_VALUE
              CALL 'public final fun <unsafe-coerce> <T, R> (v: T of kotlin.jvm.internal.<unsafe-coerce>): R of kotlin.jvm.internal.<unsafe-coerce> declared in kotlin.jvm.internal' type=androidx.compose.ui.graphics.Color origin=null
                <T>: kotlin.Long
                <R>: androidx.compose.ui.graphics.Color
                v: CONST Long type=kotlin.Long value=0
            disabledSupportingTextColor: COMPOSITE type=androidx.compose.ui.graphics.Color origin=DEFAULT_VALUE
              CALL 'public final fun <unsafe-coerce> <T, R> (v: T of kotlin.jvm.internal.<unsafe-coerce>): R of kotlin.jvm.internal.<unsafe-coerce> declared in kotlin.jvm.internal' type=androidx.compose.ui.graphics.Color origin=null
                <T>: kotlin.Long
                <R>: androidx.compose.ui.graphics.Color
                v: CONST Long type=kotlin.Long value=0
            errorSupportingTextColor: COMPOSITE type=androidx.compose.ui.graphics.Color origin=DEFAULT_VALUE
              CALL 'public final fun <unsafe-coerce> <T, R> (v: T of kotlin.jvm.internal.<unsafe-coerce>): R of kotlin.jvm.internal.<unsafe-coerce> declared in kotlin.jvm.internal' type=androidx.compose.ui.graphics.Color origin=null
                <T>: kotlin.Long
                <R>: androidx.compose.ui.graphics.Color
                v: CONST Long type=kotlin.Long value=0
            focusedPrefixColor: COMPOSITE type=androidx.compose.ui.graphics.Color origin=DEFAULT_VALUE
              CALL 'public final fun <unsafe-coerce> <T, R> (v: T of kotlin.jvm.internal.<unsafe-coerce>): R of kotlin.jvm.internal.<unsafe-coerce> declared in kotlin.jvm.internal' type=androidx.compose.ui.graphics.Color origin=null
                <T>: kotlin.Long
                <R>: androidx.compose.ui.graphics.Color
                v: CONST Long type=kotlin.Long value=0
            unfocusedPrefixColor: COMPOSITE type=androidx.compose.ui.graphics.Color origin=DEFAULT_VALUE
              CALL 'public final fun <unsafe-coerce> <T, R> (v: T of kotlin.jvm.internal.<unsafe-coerce>): R of kotlin.jvm.internal.<unsafe-coerce> declared in kotlin.jvm.internal' type=androidx.compose.ui.graphics.Color origin=null
                <T>: kotlin.Long
                <R>: androidx.compose.ui.graphics.Color
                v: CONST Long type=kotlin.Long value=0
            disabledPrefixColor: COMPOSITE type=androidx.compose.ui.graphics.Color origin=DEFAULT_VALUE
              CALL 'public final fun <unsafe-coerce> <T, R> (v: T of kotlin.jvm.internal.<unsafe-coerce>): R of kotlin.jvm.internal.<unsafe-coerce> declared in kotlin.jvm.internal' type=androidx.compose.ui.graphics.Color origin=null
                <T>: kotlin.Long
                <R>: androidx.compose.ui.graphics.Color
                v: CONST Long type=kotlin.Long value=0
            errorPrefixColor: COMPOSITE type=androidx.compose.ui.graphics.Color origin=DEFAULT_VALUE
              CALL 'public final fun <unsafe-coerce> <T, R> (v: T of kotlin.jvm.internal.<unsafe-coerce>): R of kotlin.jvm.internal.<unsafe-coerce> declared in kotlin.jvm.internal' type=androidx.compose.ui.graphics.Color origin=null
                <T>: kotlin.Long
                <R>: androidx.compose.ui.graphics.Color
                v: CONST Long type=kotlin.Long value=0
            focusedSuffixColor: COMPOSITE type=androidx.compose.ui.graphics.Color origin=DEFAULT_VALUE
              CALL 'public final fun <unsafe-coerce> <T, R> (v: T of kotlin.jvm.internal.<unsafe-coerce>): R of kotlin.jvm.internal.<unsafe-coerce> declared in kotlin.jvm.internal' type=androidx.compose.ui.graphics.Color origin=null
                <T>: kotlin.Long
                <R>: androidx.compose.ui.graphics.Color
                v: CONST Long type=kotlin.Long value=0
            unfocusedSuffixColor: COMPOSITE type=androidx.compose.ui.graphics.Color origin=DEFAULT_VALUE
              CALL 'public final fun <unsafe-coerce> <T, R> (v: T of kotlin.jvm.internal.<unsafe-coerce>): R of kotlin.jvm.internal.<unsafe-coerce> declared in kotlin.jvm.internal' type=androidx.compose.ui.graphics.Color origin=null
                <T>: kotlin.Long
                <R>: androidx.compose.ui.graphics.Color
                v: CONST Long type=kotlin.Long value=0
            disabledSuffixColor: COMPOSITE type=androidx.compose.ui.graphics.Color origin=DEFAULT_VALUE
              CALL 'public final fun <unsafe-coerce> <T, R> (v: T of kotlin.jvm.internal.<unsafe-coerce>): R of kotlin.jvm.internal.<unsafe-coerce> declared in kotlin.jvm.internal' type=androidx.compose.ui.graphics.Color origin=null
                <T>: kotlin.Long
                <R>: androidx.compose.ui.graphics.Color
                v: CONST Long type=kotlin.Long value=0
            errorSuffixColor: COMPOSITE type=androidx.compose.ui.graphics.Color origin=DEFAULT_VALUE
              CALL 'public final fun <unsafe-coerce> <T, R> (v: T of kotlin.jvm.internal.<unsafe-coerce>): R of kotlin.jvm.internal.<unsafe-coerce> declared in kotlin.jvm.internal' type=androidx.compose.ui.graphics.Color origin=null
                <T>: kotlin.Long
                <R>: androidx.compose.ui.graphics.Color
                v: CONST Long type=kotlin.Long value=0
            $mask0: CONST Int type=kotlin.Int value=-1476417980
            $mask1: CONST Int type=kotlin.Int value=2047
            $handler: CONST Null type=kotlin.Any? value=null
      VAR IR_TEMPORARY_VARIABLE name:tmp17_modifier type:androidx.compose.ui.Modifier [val]
        CALL 'public final fun border-xT4_qwU (width: androidx.compose.ui.unit.Dp, color: androidx.compose.ui.graphics.Color, shape: androidx.compose.ui.graphics.Shape): androidx.compose.ui.Modifier declared in androidx.compose.foundation.BorderKt' type=androidx.compose.ui.Modifier origin=null
          $receiver: CALL 'public final fun onFocusChanged (onFocusChanged: kotlin.Function1<androidx.compose.ui.focus.FocusState, kotlin.Unit>): androidx.compose.ui.Modifier declared in androidx.compose.ui.focus.FocusChangedModifierKt' type=androidx.compose.ui.Modifier origin=null
            $receiver: GET_VAR 'modifier: androidx.compose.ui.Modifier declared in com.mustafin.ui_components.presentation.inputs.CustomTextFieldKt.CustomTextField-bmlC4ec' type=androidx.compose.ui.Modifier origin=null
            onFocusChanged: BLOCK type=kotlin.Function1<androidx.compose.ui.focus.FocusState, kotlin.Unit> origin=LAMBDA
              COMPOSITE type=kotlin.Unit origin=null
              CALL 'public final fun <jvm-indy> <T> (dynamicCall: T of kotlin.jvm.internal.<jvm-indy>, bootstrapMethodHandle: kotlin.Any, vararg bootstrapMethodArguments: kotlin.Any): T of kotlin.jvm.internal.<jvm-indy> declared in kotlin.jvm.internal' type=kotlin.Function1<androidx.compose.ui.focus.FocusState, kotlin.Unit> origin=null
                <T>: kotlin.Function1<androidx.compose.ui.focus.FocusState, kotlin.Unit>
                dynamicCall: CALL 'public final fun invoke (p0: androidx.compose.runtime.MutableState<kotlin.Boolean>): kotlin.Function1<androidx.compose.ui.focus.FocusState, kotlin.Unit> declared in kotlin.jvm.internal.invokeDynamic' type=kotlin.Function1<androidx.compose.ui.focus.FocusState, kotlin.Unit> origin=null
                  p0: GET_VAR 'val isFocused$delegate: androidx.compose.runtime.MutableState<kotlin.Boolean> [val] declared in com.mustafin.ui_components.presentation.inputs.CustomTextFieldKt.CustomTextField-bmlC4ec' type=androidx.compose.runtime.MutableState<kotlin.Boolean> origin=null
                bootstrapMethodHandle: CALL 'public final fun <jvm-method-handle> (tag: kotlin.Int, owner: kotlin.String, name: kotlin.String, descriptor: kotlin.String, isInterface: kotlin.Boolean): kotlin.Any declared in kotlin.jvm.internal' type=kotlin.Any origin=null
                  tag: CONST Int type=kotlin.Int value=6
                  owner: CONST String type=kotlin.String value="java/lang/invoke/LambdaMetafactory"
                  name: CONST String type=kotlin.String value="metafactory"
                  descriptor: CONST String type=kotlin.String value="(Ljava/lang/invoke/MethodHandles$Lookup;Ljava/lang/String;Ljava/lang/invoke/MethodType;Ljava/lang/invoke/MethodType;Ljava/lang/invoke/MethodHandle;Ljava/lang/invoke/MethodType;)Ljava/lang/invoke/CallSite;"
                  isInterface: CONST Boolean type=kotlin.Boolean value=false
                bootstrapMethodArguments: VARARG type=kotlin.Array<kotlin.Any> varargElementType=kotlin.Any
                  CALL 'public final fun <jvm-original-method-type> (method: kotlin.Any): kotlin.Any declared in kotlin.jvm.internal' type=kotlin.Any origin=null
                    method: RAW_FUNCTION_REFERENCE 'public abstract fun invoke (p1: P1 of kotlin.Function1): R of kotlin.Function1 [operator] declared in kotlin.Function1' type=kotlin.Any
                  RAW_FUNCTION_REFERENCE 'private final fun CustomTextField_bmlC4ec$lambda$3 ($isFocused$delegate: androidx.compose.runtime.MutableState<kotlin.Boolean>, it: androidx.compose.ui.focus.FocusState): kotlin.Unit? declared in com.mustafin.ui_components.presentation.inputs.CustomTextFieldKt' type=kotlin.Any
                  CALL 'public final fun <jvm-original-method-type> (method: kotlin.Any): kotlin.Any declared in kotlin.jvm.internal' type=kotlin.Any origin=null
                    method: RAW_FUNCTION_REFERENCE 'public abstract fun invoke (p1: androidx.compose.ui.focus.FocusState): kotlin.Unit? [fake_override,operator] declared in kotlin.jvm.internal.invokeDynamic.<fake>' type=kotlin.Any
          width: CALL 'public final fun <get-dp> (): androidx.compose.ui.unit.Dp [inline] declared in androidx.compose.ui.unit.DpKt' type=androidx.compose.ui.unit.Dp origin=GET_PROPERTY
            $receiver: CONST Int type=kotlin.Int value=2
          color: WHEN type=androidx.compose.ui.graphics.Color origin=WHEN
            BRANCH
              if: GET_VAR 'isError: kotlin.Boolean declared in com.mustafin.ui_components.presentation.inputs.CustomTextFieldKt.CustomTextField-bmlC4ec' type=kotlin.Boolean origin=null
              then: CALL 'public final fun colorResource (id: kotlin.Int): androidx.compose.ui.graphics.Color declared in androidx.compose.ui.res.ColorResources_androidKt' type=androidx.compose.ui.graphics.Color origin=null
                id: GET_FIELD 'FIELD IR_EXTERNAL_JAVA_DECLARATION_STUB name:red type:kotlin.Int visibility:public [static] declared in com.mustafin.ui_components.R.color' type=kotlin.Int superQualifierSymbol=com.mustafin.ui_components.R.color origin=null
            BRANCH
              if: CALL 'private final fun CustomTextField_bmlC4ec$lambda$1 ($isFocused$delegate: androidx.compose.runtime.MutableState<kotlin.Boolean>): kotlin.Boolean declared in com.mustafin.ui_components.presentation.inputs.CustomTextFieldKt' type=kotlin.Boolean origin=GET_LOCAL_PROPERTY
                $isFocused$delegate: GET_VAR 'val isFocused$delegate: androidx.compose.runtime.MutableState<kotlin.Boolean> [val] declared in com.mustafin.ui_components.presentation.inputs.CustomTextFieldKt.CustomTextField-bmlC4ec' type=androidx.compose.runtime.MutableState<kotlin.Boolean> origin=null
              then: CALL 'public final fun colorResource (id: kotlin.Int): androidx.compose.ui.graphics.Color declared in androidx.compose.ui.res.ColorResources_androidKt' type=androidx.compose.ui.graphics.Color origin=null
                id: GET_FIELD 'FIELD IR_EXTERNAL_JAVA_DECLARATION_STUB name:content type:kotlin.Int visibility:public [static] declared in com.mustafin.ui_components.R.color' type=kotlin.Int superQualifierSymbol=com.mustafin.ui_components.R.color origin=null
            BRANCH
              if: CONST Boolean type=kotlin.Boolean value=true
              then: CALL 'public final fun getTransparent-0d7_KjU (): androidx.compose.ui.graphics.Color declared in androidx.compose.ui.graphics.Color.Companion' type=androidx.compose.ui.graphics.Color origin=GET_PROPERTY
                $this: GET_FIELD 'FIELD FIELD_FOR_OBJECT_INSTANCE name:Companion type:androidx.compose.ui.graphics.Color.Companion visibility:public [final,static] declared in androidx.compose.ui.graphics.Color' type=androidx.compose.ui.graphics.Color.Companion origin=null
          shape: GET_VAR 'shape: androidx.compose.ui.graphics.Shape declared in com.mustafin.ui_components.presentation.inputs.CustomTextFieldKt.CustomTextField-bmlC4ec' type=androidx.compose.ui.graphics.Shape origin=null
      VAR IR_TEMPORARY_VARIABLE name:tmp18_textStyle type:androidx.compose.ui.text.TextStyle [val]
        CALL 'public final fun <get-labelMedium> (): androidx.compose.ui.text.TextStyle declared in androidx.compose.material3.Typography' type=androidx.compose.ui.text.TextStyle origin=GET_PROPERTY
          $this: CALL 'public final fun <get-typography> (): androidx.compose.material3.Typography declared in androidx.compose.material3.MaterialTheme' type=androidx.compose.material3.Typography origin=GET_PROPERTY
            $this: GET_FIELD 'FIELD FIELD_FOR_OBJECT_INSTANCE name:INSTANCE type:androidx.compose.material3.MaterialTheme visibility:public [final,static] declared in androidx.compose.material3.MaterialTheme' type=androidx.compose.material3.MaterialTheme origin=null
      VAR IR_TEMPORARY_VARIABLE name:tmp19_keyboardOptions type:androidx.compose.foundation.text.KeyboardOptions [val]
        BLOCK type=androidx.compose.foundation.text.KeyboardOptions origin=ARGUMENTS_REORDERING_FOR_CALL
          VAR IR_TEMPORARY_VARIABLE name:tmp14_$this type:androidx.compose.foundation.text.KeyboardOptions [val]
            CALL 'public final fun <get-Default> (): androidx.compose.foundation.text.KeyboardOptions declared in androidx.compose.foundation.text.KeyboardOptions.Companion' type=androidx.compose.foundation.text.KeyboardOptions origin=GET_PROPERTY
              $this: GET_FIELD 'FIELD FIELD_FOR_OBJECT_INSTANCE name:Companion type:androidx.compose.foundation.text.KeyboardOptions.Companion visibility:public [final,static] declared in androidx.compose.foundation.text.KeyboardOptions' type=androidx.compose.foundation.text.KeyboardOptions.Companion origin=null
          VAR IR_TEMPORARY_VARIABLE name:tmp15_imeAction type:androidx.compose.ui.text.input.ImeAction [val]
            CALL 'public final fun getDone-eUduSuo (): androidx.compose.ui.text.input.ImeAction declared in androidx.compose.ui.text.input.ImeAction.Companion' type=androidx.compose.ui.text.input.ImeAction origin=GET_PROPERTY
              $this: GET_FIELD 'FIELD FIELD_FOR_OBJECT_INSTANCE name:Companion type:androidx.compose.ui.text.input.ImeAction.Companion visibility:public [final,static] declared in androidx.compose.ui.text.input.ImeAction' type=androidx.compose.ui.text.input.ImeAction.Companion origin=null
          CALL 'public final fun copy-INvB4aQ$default ($this: androidx.compose.foundation.text.KeyboardOptions, capitalization: androidx.compose.ui.text.input.KeyboardCapitalization, autoCorrectEnabled: kotlin.Boolean?, keyboardType: androidx.compose.ui.text.input.KeyboardType, imeAction: androidx.compose.ui.text.input.ImeAction, platformImeOptions: androidx.compose.ui.text.input.PlatformImeOptions?, showKeyboardOnFocus: kotlin.Boolean?, hintLocales: androidx.compose.ui.text.intl.LocaleList?, $mask0: kotlin.Int, $handler: kotlin.Any?): androidx.compose.foundation.text.KeyboardOptions declared in androidx.compose.foundation.text.KeyboardOptions' type=androidx.compose.foundation.text.KeyboardOptions origin=DEFAULT_DISPATCH_CALL
            $this: GET_VAR 'val tmp14_$this: androidx.compose.foundation.text.KeyboardOptions [val] declared in com.mustafin.ui_components.presentation.inputs.CustomTextFieldKt.CustomTextField-bmlC4ec' type=androidx.compose.foundation.text.KeyboardOptions origin=null
            capitalization: COMPOSITE type=androidx.compose.ui.text.input.KeyboardCapitalization origin=DEFAULT_VALUE
              CALL 'public final fun <unsafe-coerce> <T, R> (v: T of kotlin.jvm.internal.<unsafe-coerce>): R of kotlin.jvm.internal.<unsafe-coerce> declared in kotlin.jvm.internal' type=androidx.compose.ui.text.input.KeyboardCapitalization origin=null
                <T>: kotlin.Int
                <R>: androidx.compose.ui.text.input.KeyboardCapitalization
                v: CONST Int type=kotlin.Int value=0
            autoCorrectEnabled: COMPOSITE type=kotlin.Boolean? origin=DEFAULT_VALUE
              CONST Null type=kotlin.Boolean? value=null
            keyboardType: GET_VAR 'keyboardType: androidx.compose.ui.text.input.KeyboardType declared in com.mustafin.ui_components.presentation.inputs.CustomTextFieldKt.CustomTextField-bmlC4ec' type=androidx.compose.ui.text.input.KeyboardType origin=null
            imeAction: GET_VAR 'val tmp15_imeAction: androidx.compose.ui.text.input.ImeAction [val] declared in com.mustafin.ui_components.presentation.inputs.CustomTextFieldKt.CustomTextField-bmlC4ec' type=androidx.compose.ui.text.input.ImeAction origin=null
            platformImeOptions: COMPOSITE type=androidx.compose.ui.text.input.PlatformImeOptions? origin=DEFAULT_VALUE
              CONST Null type=androidx.compose.ui.text.input.PlatformImeOptions? value=null
            showKeyboardOnFocus: COMPOSITE type=kotlin.Boolean? origin=DEFAULT_VALUE
              CONST Null type=kotlin.Boolean? value=null
            hintLocales: COMPOSITE type=androidx.compose.ui.text.intl.LocaleList? origin=DEFAULT_VALUE
              CONST Null type=androidx.compose.ui.text.intl.LocaleList? value=null
            $mask0: CONST Int type=kotlin.Int value=115
            $handler: CONST Null type=kotlin.Any? value=null
      CALL 'public final fun TextField$default (value: kotlin.String, onValueChange: kotlin.Function1<kotlin.String, kotlin.Unit>, modifier: androidx.compose.ui.Modifier?, enabled: kotlin.Boolean, readOnly: kotlin.Boolean, textStyle: androidx.compose.ui.text.TextStyle?, label: @[Composable] kotlin.Function0<kotlin.Unit>?, placeholder: @[Composable] kotlin.Function0<kotlin.Unit>?, leadingIcon: @[Composable] kotlin.Function0<kotlin.Unit>?, trailingIcon: @[Composable] kotlin.Function0<kotlin.Unit>?, prefix: @[Composable] kotlin.Function0<kotlin.Unit>?, suffix: @[Composable] kotlin.Function0<kotlin.Unit>?, supportingText: @[Composable] kotlin.Function0<kotlin.Unit>?, isError: kotlin.Boolean, visualTransformation: androidx.compose.ui.text.input.VisualTransformation?, keyboardOptions: androidx.compose.foundation.text.KeyboardOptions?, keyboardActions: androidx.compose.foundation.text.KeyboardActions?, singleLine: kotlin.Boolean, maxLines: kotlin.Int, minLines: kotlin.Int, interactionSource: androidx.compose.foundation.interaction.MutableInteractionSource?, shape: androidx.compose.ui.graphics.Shape?, colors: androidx.compose.material3.TextFieldColors?, $mask0: kotlin.Int, $handler: kotlin.Any?): kotlin.Unit declared in androidx.compose.material3.TextFieldKt' type=kotlin.Unit origin=DEFAULT_DISPATCH_CALL
        value: GET_VAR 'value: kotlin.String declared in com.mustafin.ui_components.presentation.inputs.CustomTextFieldKt.CustomTextField-bmlC4ec' type=kotlin.String origin=null
        onValueChange: GET_VAR 'onValueChange: kotlin.Function1<kotlin.String, kotlin.Unit> declared in com.mustafin.ui_components.presentation.inputs.CustomTextFieldKt.CustomTextField-bmlC4ec' type=kotlin.Function1<kotlin.String, kotlin.Unit> origin=null
        modifier: GET_VAR 'val tmp17_modifier: androidx.compose.ui.Modifier [val] declared in com.mustafin.ui_components.presentation.inputs.CustomTextFieldKt.CustomTextField-bmlC4ec' type=androidx.compose.ui.Modifier origin=null
        enabled: COMPOSITE type=kotlin.Boolean origin=DEFAULT_VALUE
          CONST Boolean type=kotlin.Boolean value=false
        readOnly: GET_VAR 'readOnly: kotlin.Boolean declared in com.mustafin.ui_components.presentation.inputs.CustomTextFieldKt.CustomTextField-bmlC4ec' type=kotlin.Boolean origin=null
        textStyle: GET_VAR 'val tmp18_textStyle: androidx.compose.ui.text.TextStyle [val] declared in com.mustafin.ui_components.presentation.inputs.CustomTextFieldKt.CustomTextField-bmlC4ec' type=androidx.compose.ui.text.TextStyle origin=null
        label: COMPOSITE type=@[Composable] kotlin.Function0<kotlin.Unit>? origin=DEFAULT_VALUE
          CONST Null type=@[Composable] kotlin.Function0<kotlin.Unit>? value=null
        placeholder: BLOCK type=kotlin.Function0<kotlin.Unit> origin=LAMBDA
          COMPOSITE type=kotlin.Unit origin=null
          CALL 'public final fun <jvm-indy> <T> (dynamicCall: T of kotlin.jvm.internal.<jvm-indy>, bootstrapMethodHandle: kotlin.Any, vararg bootstrapMethodArguments: kotlin.Any): T of kotlin.jvm.internal.<jvm-indy> declared in kotlin.jvm.internal' type=kotlin.Function0<kotlin.Unit> origin=null
            <T>: kotlin.Function0<kotlin.Unit>
            dynamicCall: CALL 'public final fun invoke (p0: kotlin.String): kotlin.Function0<kotlin.Unit> declared in kotlin.jvm.internal.invokeDynamic' type=kotlin.Function0<kotlin.Unit> origin=null
              p0: GET_VAR 'placeholder: kotlin.String declared in com.mustafin.ui_components.presentation.inputs.CustomTextFieldKt.CustomTextField-bmlC4ec' type=kotlin.String origin=null
            bootstrapMethodHandle: CALL 'public final fun <jvm-method-handle> (tag: kotlin.Int, owner: kotlin.String, name: kotlin.String, descriptor: kotlin.String, isInterface: kotlin.Boolean): kotlin.Any declared in kotlin.jvm.internal' type=kotlin.Any origin=null
              tag: CONST Int type=kotlin.Int value=6
              owner: CONST String type=kotlin.String value="java/lang/invoke/LambdaMetafactory"
              name: CONST String type=kotlin.String value="metafactory"
              descriptor: CONST String type=kotlin.String value="(Ljava/lang/invoke/MethodHandles$Lookup;Ljava/lang/String;Ljava/lang/invoke/MethodType;Ljava/lang/invoke/MethodType;Ljava/lang/invoke/MethodHandle;Ljava/lang/invoke/MethodType;)Ljava/lang/invoke/CallSite;"
              isInterface: CONST Boolean type=kotlin.Boolean value=false
            bootstrapMethodArguments: VARARG type=kotlin.Array<kotlin.Any> varargElementType=kotlin.Any
              CALL 'public final fun <jvm-original-method-type> (method: kotlin.Any): kotlin.Any declared in kotlin.jvm.internal' type=kotlin.Any origin=null
                method: RAW_FUNCTION_REFERENCE 'public abstract fun invoke (): R of kotlin.Function0 [operator] declared in kotlin.Function0' type=kotlin.Any
              RAW_FUNCTION_REFERENCE 'private final fun CustomTextField_bmlC4ec$lambda$4 ($placeholder: kotlin.String): kotlin.Unit? declared in com.mustafin.ui_components.presentation.inputs.CustomTextFieldKt' type=kotlin.Any
              CALL 'public final fun <jvm-original-method-type> (method: kotlin.Any): kotlin.Any declared in kotlin.jvm.internal' type=kotlin.Any origin=null
                method: RAW_FUNCTION_REFERENCE 'public abstract fun invoke (): kotlin.Unit? [fake_override,operator] declared in kotlin.jvm.internal.invokeDynamic.<fake>' type=kotlin.Any
        leadingIcon: COMPOSITE type=@[Composable] kotlin.Function0<kotlin.Unit>? origin=DEFAULT_VALUE
          CONST Null type=@[Composable] kotlin.Function0<kotlin.Unit>? value=null
        trailingIcon: COMPOSITE type=@[Composable] kotlin.Function0<kotlin.Unit>? origin=DEFAULT_VALUE
          CONST Null type=@[Composable] kotlin.Function0<kotlin.Unit>? value=null
        prefix: COMPOSITE type=@[Composable] kotlin.Function0<kotlin.Unit>? origin=DEFAULT_VALUE
          CONST Null type=@[Composable] kotlin.Function0<kotlin.Unit>? value=null
        suffix: COMPOSITE type=@[Composable] kotlin.Function0<kotlin.Unit>? origin=DEFAULT_VALUE
          CONST Null type=@[Composable] kotlin.Function0<kotlin.Unit>? value=null
        supportingText: COMPOSITE type=@[Composable] kotlin.Function0<kotlin.Unit>? origin=DEFAULT_VALUE
          CONST Null type=@[Composable] kotlin.Function0<kotlin.Unit>? value=null
        isError: GET_VAR 'isError: kotlin.Boolean declared in com.mustafin.ui_components.presentation.inputs.CustomTextFieldKt.CustomTextField-bmlC4ec' type=kotlin.Boolean origin=null
        visualTransformation: COMPOSITE type=androidx.compose.ui.text.input.VisualTransformation? origin=DEFAULT_VALUE
          CONST Null type=androidx.compose.ui.text.input.VisualTransformation? value=null
        keyboardOptions: GET_VAR 'val tmp19_keyboardOptions: androidx.compose.foundation.text.KeyboardOptions [val] declared in com.mustafin.ui_components.presentation.inputs.CustomTextFieldKt.CustomTextField-bmlC4ec' type=androidx.compose.foundation.text.KeyboardOptions origin=null
        keyboardActions: COMPOSITE type=androidx.compose.foundation.text.KeyboardActions? origin=DEFAULT_VALUE
          CONST Null type=androidx.compose.foundation.text.KeyboardActions? value=null
        singleLine: COMPOSITE type=kotlin.Boolean origin=DEFAULT_VALUE
          CONST Boolean type=kotlin.Boolean value=false
        maxLines: GET_VAR 'maxLines: kotlin.Int declared in com.mustafin.ui_components.presentation.inputs.CustomTextFieldKt.CustomTextField-bmlC4ec' type=kotlin.Int origin=null
        minLines: COMPOSITE type=kotlin.Int origin=DEFAULT_VALUE
          CONST Int type=kotlin.Int value=0
        interactionSource: COMPOSITE type=androidx.compose.foundation.interaction.MutableInteractionSource? origin=DEFAULT_VALUE
          CONST Null type=androidx.compose.foundation.interaction.MutableInteractionSource? value=null
        shape: GET_VAR 'shape: androidx.compose.ui.graphics.Shape declared in com.mustafin.ui_components.presentation.inputs.CustomTextFieldKt.CustomTextField-bmlC4ec' type=androidx.compose.ui.graphics.Shape origin=null
        colors: GET_VAR 'val tmp16_colors: androidx.compose.material3.TextFieldColors [val] declared in com.mustafin.ui_components.presentation.inputs.CustomTextFieldKt.CustomTextField-bmlC4ec' type=androidx.compose.material3.TextFieldColors origin=null
        $mask0: CONST Int type=kotlin.Int value=1793864
        $handler: CONST Null type=kotlin.Any? value=null

	at org.jetbrains.kotlin.backend.jvm.codegen.FunctionCodegen.generate(FunctionCodegen.kt:48)
	at org.jetbrains.kotlin.backend.jvm.codegen.FunctionCodegen.generate$default(FunctionCodegen.kt:41)
	at org.jetbrains.kotlin.backend.jvm.codegen.ClassCodegen.generateMethodNode(ClassCodegen.kt:407)
	at org.jetbrains.kotlin.backend.jvm.codegen.ClassCodegen.generateMethod(ClassCodegen.kt:424)
	at org.jetbrains.kotlin.backend.jvm.codegen.ClassCodegen.generate(ClassCodegen.kt:169)
	at org.jetbrains.kotlin.backend.jvm.FileCodegen.lower(JvmPhases.kt:39)
	at org.jetbrains.kotlin.backend.common.phaser.PhaseFactoriesKt.createFilePhase$lambda$4(PhaseFactories.kt:71)
	at org.jetbrains.kotlin.backend.common.phaser.PhaseBuildersKt$createSimpleNamedCompilerPhase$1.phaseBody(PhaseBuilders.kt:69)
	at org.jetbrains.kotlin.backend.common.phaser.SimpleNamedCompilerPhase.phaseBody(CompilerPhase.kt:226)
	at org.jetbrains.kotlin.backend.common.phaser.AbstractNamedCompilerPhase.invoke(CompilerPhase.kt:113)
	at org.jetbrains.kotlin.backend.common.phaser.PerformByIrFilePhase.invokeSequential(performByIrFile.kt:52)
	... 46 more
Caused by: org.jetbrains.kotlin.codegen.CompilationException: Back-end (JVM) Internal error: Couldn't inline method call: CALL 'public final fun remember <T> (calculation: @[DisallowComposableCalls] kotlin.Function0<T of androidx.compose.runtime.ComposablesKt.remember>): T of androidx.compose.runtime.ComposablesKt.remember [inline] declared in androidx.compose.runtime.ComposablesKt' type=androidx.compose.runtime.MutableState<kotlin.Boolean> origin=null
Method: null
File is unknown
The root cause java.lang.IllegalStateException was thrown at: org.jetbrains.kotlin.codegen.inline.SourceCompilerForInlineKt.getMethodNode(SourceCompilerForInline.kt:118)
	at org.jetbrains.kotlin.codegen.inline.InlineCodegen.performInline(InlineCodegen.kt:65)
	at org.jetbrains.kotlin.backend.jvm.codegen.IrInlineCodegen.genInlineCall(IrInlineCodegen.kt:163)
	at org.jetbrains.kotlin.backend.jvm.codegen.IrInlineCallGenerator.genCall(IrInlineCallGenerator.kt:36)
	at org.jetbrains.kotlin.backend.jvm.codegen.ExpressionCodegen.visitCall(ExpressionCodegen.kt:598)
	at org.jetbrains.kotlin.backend.jvm.codegen.ExpressionCodegen.visitCall(ExpressionCodegen.kt:134)
	at org.jetbrains.kotlin.ir.expressions.IrCall.accept(IrCall.kt:24)
	at org.jetbrains.kotlin.backend.jvm.codegen.ExpressionCodegen.visitVariable(ExpressionCodegen.kt:735)
	at org.jetbrains.kotlin.backend.jvm.codegen.ExpressionCodegen.visitVariable(ExpressionCodegen.kt:134)
	at org.jetbrains.kotlin.ir.declarations.IrVariable.accept(IrVariable.kt:36)
	at org.jetbrains.kotlin.backend.jvm.codegen.ExpressionCodegen.visitStatementContainer(ExpressionCodegen.kt:524)
	at org.jetbrains.kotlin.backend.jvm.codegen.ExpressionCodegen.visitBlockBody(ExpressionCodegen.kt:529)
	at org.jetbrains.kotlin.backend.jvm.codegen.ExpressionCodegen.visitBlockBody(ExpressionCodegen.kt:134)
	at org.jetbrains.kotlin.ir.expressions.IrBlockBody.accept(IrBlockBody.kt:20)
	at org.jetbrains.kotlin.backend.jvm.codegen.ExpressionCodegen.generate(ExpressionCodegen.kt:236)
	at org.jetbrains.kotlin.backend.jvm.codegen.FunctionCodegen.doGenerate(FunctionCodegen.kt:124)
	at org.jetbrains.kotlin.backend.jvm.codegen.FunctionCodegen.generate(FunctionCodegen.kt:45)
	... 56 more
Caused by: java.lang.IllegalStateException: couldn't find inline method Landroidx/compose/runtime/ComposablesKt;.remember(Lkotlin/jvm/functions/Function0;)Ljava/lang/Object;
	at org.jetbrains.kotlin.codegen.inline.SourceCompilerForInlineKt.getMethodNode(SourceCompilerForInline.kt:118)
	at org.jetbrains.kotlin.codegen.inline.SourceCompilerForInlineKt.loadCompiledInlineFunction(SourceCompilerForInline.kt:96)
	at org.jetbrains.kotlin.backend.jvm.codegen.IrSourceCompilerForInline.compileInlineFunction(IrSourceCompilerForInline.kt:91)
	at org.jetbrains.kotlin.codegen.inline.InlineCodegen.compileInline(InlineCodegen.kt:43)
	at org.jetbrains.kotlin.codegen.inline.InlineCodegen.performInline(InlineCodegen.kt:51)
	... 71 more


